<?xml version="1.0" encoding="UTF-8"?>
<!-- Generated by org.testng.reporters.JUnitReportReporter -->
<testsuite hostname="LAPTOP-1639UQD2" failures="0" tests="3" name="com.test.TestngBasics" time="0.046" errors="0" timestamp="2022-02-26T16:28:51 IST" skipped="0">
  <testcase classname="com.test.TestngBasics" name="googleTitleTest" time="0.024"/>
  <system-out/>
  <testcase classname="com.test.TestngBasics" name="searchTest" time="0.014"/>
  <system-out/>
  <testcase classname="com.test.TestngBasics" name="googlelogoTest" time="0.008"/>
  <system-out/>
</testsuite> <!-- com.test.TestngBasics -->
