<?xml version="1.0" encoding="UTF-8"?>
<!-- Generated by org.testng.reporters.JUnitReportReporter -->
<testsuite hostname="LAPTOP-1639UQD2" failures="0" tests="1" name="helloworld.Testhelloworld" time="0.012" errors="0" timestamp="2022-03-10T10:55:53 IST" skipped="0">
  <testcase classname="helloworld.Testhelloworld" name="testhelloworld" time="0.012"/>
  <system-out/>
</testsuite> <!-- helloworld.Testhelloworld -->
